Сборка начата 03.06.2021 20:18:50.
     1>Проект "C:\Users\radio_000\Documents\Visual Studio 2013\Projects\TI\Technical Inspection\Technical Inspection.vcxproj" в узле 2 (целевые объекты Build).
     1>ClCompile:
         C:\Program Files (x86)\Microsoft Visual Studio 12.0\VC\bin\CL.exe /c /AI"C:\Program Files (x86)\Reference Assemblies\Microsoft\Framework\.NETFramework\v4.5.1\\" /AI"C:\Program Files (x86)\Windows Kits\8.1\References\CommonConfiguration\Neutral" /AI"C:\Program Files (x86)\Reference Assemblies\Microsoft\Framework\.NETFramework\v4.5.1\Facades\\" /Zi /clr /nologo /W3 /WX- /O2 /Oy- /D WIN32 /D NDEBUG /D _UNICODE /D UNICODE /EHa /MD /GS /fp:precise /Zc:wchar_t /Zc:forScope /Fo"Release\\" /Fd"Release\vc120.pdb" /TP /FU"C:\Program Files (x86)\Reference Assemblies\Microsoft\Framework\.NETFramework\v4.5.1\mscorlib.dll" /FU"C:\Program Files (x86)\Reference Assemblies\Microsoft\Framework\.NETFramework\v4.5.1\System.Data.dll" /FU"C:\Program Files (x86)\Reference Assemblies\Microsoft\Framework\.NETFramework\v4.5.1\System.dll" /FU"C:\Program Files (x86)\Reference Assemblies\Microsoft\Framework\.NETFramework\v4.5.1\System.Drawing.dll" /FU"C:\Program Files (x86)\Reference Assemblies\Microsoft\Framework\.NETFramework\v4.5.1\System.Windows.Forms.dll" /FU"C:\Program Files (x86)\Reference Assemblies\Microsoft\Framework\.NETFramework\v4.5.1\System.Xml.dll" /analyze- /errorReport:prompt /clr:nostdlib fCreate.cpp MyForm.cpp MyForm1.cpp
         fCreate.cpp
     1>c:\users\radio_000\documents\visual studio 2013\projects\ti\technical inspection\fCreate.h(1): warning C4067: непредвиденные лексемы за директивой препроцессора, требуется newline
     1>c:\users\radio_000\documents\visual studio 2013\projects\ti\technical inspection\MyForm.h(618): warning C4244: аргумент: преобразование "int" в "float", возможна потеря данных
     1>c:\users\radio_000\documents\visual studio 2013\projects\ti\technical inspection\MyForm.h(620): warning C4244: аргумент: преобразование "int" в "float", возможна потеря данных
     1>c:\users\radio_000\documents\visual studio 2013\projects\ti\technical inspection\MyForm.h(623): warning C4244: аргумент: преобразование "int" в "float", возможна потеря данных
     1>c:\users\radio_000\documents\visual studio 2013\projects\ti\technical inspection\MyForm.h(625): warning C4244: аргумент: преобразование "int" в "float", возможна потеря данных
     1>c:\users\radio_000\documents\visual studio 2013\projects\ti\technical inspection\fCreate.h(831): warning C4244: аргумент: преобразование "int" в "float", возможна потеря данных
     1>c:\users\radio_000\documents\visual studio 2013\projects\ti\technical inspection\fCreate.h(834): warning C4244: аргумент: преобразование "int" в "float", возможна потеря данных
     1>c:\users\radio_000\documents\visual studio 2013\projects\ti\technical inspection\fCreate.h(837): warning C4244: аргумент: преобразование "int" в "float", возможна потеря данных
         MyForm.cpp
     1>c:\users\radio_000\documents\visual studio 2013\projects\ti\technical inspection\MyForm.h(618): warning C4244: аргумент: преобразование "int" в "float", возможна потеря данных
     1>c:\users\radio_000\documents\visual studio 2013\projects\ti\technical inspection\MyForm.h(620): warning C4244: аргумент: преобразование "int" в "float", возможна потеря данных
     1>c:\users\radio_000\documents\visual studio 2013\projects\ti\technical inspection\MyForm.h(623): warning C4244: аргумент: преобразование "int" в "float", возможна потеря данных
     1>c:\users\radio_000\documents\visual studio 2013\projects\ti\technical inspection\MyForm.h(625): warning C4244: аргумент: преобразование "int" в "float", возможна потеря данных
     1>c:\users\radio_000\documents\visual studio 2013\projects\ti\technical inspection\fCreate.h(1): warning C4067: непредвиденные лексемы за директивой препроцессора, требуется newline
     1>c:\users\radio_000\documents\visual studio 2013\projects\ti\technical inspection\fCreate.h(831): warning C4244: аргумент: преобразование "int" в "float", возможна потеря данных
     1>c:\users\radio_000\documents\visual studio 2013\projects\ti\technical inspection\fCreate.h(834): warning C4244: аргумент: преобразование "int" в "float", возможна потеря данных
     1>c:\users\radio_000\documents\visual studio 2013\projects\ti\technical inspection\fCreate.h(837): warning C4244: аргумент: преобразование "int" в "float", возможна потеря данных
     1>c:\users\radio_000\documents\visual studio 2013\projects\ti\technical inspection\MyForm1.h(1): warning C4067: непредвиденные лексемы за директивой препроцессора, требуется newline
         MyForm1.cpp
     1>c:\users\radio_000\documents\visual studio 2013\projects\ti\technical inspection\MyForm1.h(1): warning C4067: непредвиденные лексемы за директивой препроцессора, требуется newline
     1>c:\users\radio_000\documents\visual studio 2013\projects\ti\technical inspection\MyForm.h(618): warning C4244: аргумент: преобразование "int" в "float", возможна потеря данных
     1>c:\users\radio_000\documents\visual studio 2013\projects\ti\technical inspection\MyForm.h(620): warning C4244: аргумент: преобразование "int" в "float", возможна потеря данных
     1>c:\users\radio_000\documents\visual studio 2013\projects\ti\technical inspection\MyForm.h(623): warning C4244: аргумент: преобразование "int" в "float", возможна потеря данных
     1>c:\users\radio_000\documents\visual studio 2013\projects\ti\technical inspection\MyForm.h(625): warning C4244: аргумент: преобразование "int" в "float", возможна потеря данных
         Создание кода...
       Link:
         C:\Program Files (x86)\Microsoft Visual Studio 12.0\VC\bin\link.exe /ERRORREPORT:PROMPT /OUT:"C:\Users\radio_000\Documents\Visual Studio 2013\Projects\TI\Release\Technical Inspection.exe" /INCREMENTAL:NO /NOLOGO /ASSEMBLYRESOURCE:Release\TechnicalInspection.fCreate.resources /ASSEMBLYRESOURCE:Release\TechnicalInspection.MyForm.resources /ASSEMBLYRESOURCE:Release\TechnicalInspection.MyForm1.resources /MANIFEST /MANIFESTUAC:"level='asInvoker' uiAccess='false'" /manifest:embed /DEBUG /PDB:"C:\Users\radio_000\Documents\Visual Studio 2013\Projects\TI\Release\Technical Inspection.pdb" /TLBID:1 /DYNAMICBASE /FIXED:NO /NXCOMPAT /MACHINE:X86 /SAFESEH Release\fCreate.obj
         Release\MyForm.obj
         Release\MyForm1.obj
         "Release\.NETFramework,Version=v4.5.1.AssemblyAttributes.obj"
         Technical Inspection.vcxproj -> C:\Users\radio_000\Documents\Visual Studio 2013\Projects\TI\Release\Technical Inspection.exe
     1>Сборка проекта "C:\Users\radio_000\Documents\Visual Studio 2013\Projects\TI\Technical Inspection\Technical Inspection.vcxproj" завершена (целевые объекты Build).

Сборка успешно завершена.

Затраченное время: 00:00:04.73
